<?xml version="1.0" encoding="UTF-8"?>
<!-- Generated by org.testng.reporters.JUnitReportReporter -->
<testsuite hostname="DESKTOP-46UE00D" failures="0" tests="1" name="com.pratian.automation.TestClass.TestLogin" time="9.004" errors="0" timestamp="2021-06-05T15:19:31 IST" skipped="0">
  <testcase classname="com.pratian.automation.TestClass.TestLogin" name="login" time="9.004"/>
  <system-out/>
</testsuite> <!-- com.pratian.automation.TestClass.TestLogin -->
